Mailings					
ID	Full Name	CustStreetAddress	CustCity	CustState	CustZipCode
					
7	Dog Ear	575 Madison Ave.	New York	NY	10003
4	ProFormance	29 N. Quail St.	Albany	NY	12012
2	Viscount	1911 Commerce Way	St. Louis	MO	63127
10	Armadillo Brand	12330 Side Road Lane	Dallas	TX	75137
1021	Estella Pundt	2500 Rosales Lane	Dallas	TX	75260
1004	Robert Brown	672 Lamont Ave	Houston	TX	77201
1026	Kirk DeGrasse	455 West Palm Ave	San Antonio	TX	78284
1010	Angel Kennedy	667 Red River Road	Austin	TX	78710
9	Lone Star Bike Supply	7402 Kingman Drive	El Paso	TX	79915
1024	Mark Rosales	323 Advocate Lane	El Paso	TX	79915
1025	Maria Patterson	3445 Cheyenne Road	El Paso	TX	79915
1022	Caleb Viescas	4501 Wetland Road	Long Beach	CA	90809
8	Sun Sports Suppliers	PO Box 8082	Santa Monica	CA	91003
1019	Zachary Ehrlich	12330 Kingman Drive	Glendale	CA	91209
3	Nikoma of America	88 Old North Road Ave	Ballard	WA	91324
1008	Neil Patterson	233 West Valley Hwy	San Diego	CA	92199
1013	Rachel Patterson	2114 Longview Lane	San Diego	CA	92199
1014	Sam Abolrous	611 Alpine Drive	Palm Springs	CA	92263
1018	David Smith	311 20th Ave. N.E.	Fremont	CA	94538
1015	Darren Gehring	2601 Seaview Lane	Chico	CA	95926
1007	Mariya Sergienko	901 Pine Avenue	Portland	OR	97208
1027	Luke Patterson	877 145th Ave SE	Portland	OR	97208
1016	Jim Wilson	101 NE 88th	Salem	OR	97301
1017	Manuela Seidel	66 Spring Valley Drive	Medford	OR	97501
1	"Shinoman, Incorporated"	3042 19th Avenue South	Bellevue	WA	98001
1003	Gary Hallmark	"Route 2, Box 203B"	Auburn	WA	98002
1012	Liz Keyser	13920 S.E. 40th Street	Bellevue	WA	98006
1020	Joyce Bonnicksen	2424 Thames Drive	Bellevue	WA	98006
1028	Jeffrey Tirekicker	19541 104th Ave NE	Bothell	WA	98006
1002	William Thompson	122 Spring River Drive	Duvall	WA	98019
5	"Kona, Incorporated"	PO Box 10429	Redmond	WA	98052
1001	Suzanne Viescas	"15127 NE 24th, #383"	Redmond	WA	98052
1005	Dean McCrae	4110 Old Redmond Rd.	Redmond	WA	98052
1006	John Viescas	"15127 NE 24th, #383"	Redmond	WA	98052
1011	Alaina Hallmark	"Route 2, Box 203B"	Woodinville	WA	98072
1009	Andrew Cencini	507 - 20th Ave. E.			
Apt. 2A	Seattle                        WA	98105			
6	Big Sky Mountain Bikes	Glacier Bay South	Anchorage	AK	99209
1023	Julia Schnebly	2343 Harmony Lane	Seattle	WA	99837
