ProductNumber ProductName                                        ProductDescription                                                                                   RetailPrice           QuantityOnHand CategoryID
------------- -------------------------------------------------- ---------------------------------------------------------------------------------------------------- --------------------- -------------- -----------
1             Trek 9000 Mountain Bike                            NULL                                                                                                 1200.00               6              2
2             Eagle FS-3 Mountain Bike                           NULL                                                                                                 1800.00               8              2
3             Dog Ear Cyclecomputer                              NULL                                                                                                 75.00                 20             1
4             Victoria Pro All Weather Tires                     NULL                                                                                                 54.95                 20             4
5             Dog Ear Helmet Mount Mirrors                       NULL                                                                                                 7.45                  12             1
6             Viscount Mountain Bike                             NULL                                                                                                 635.00                5              2
7             Viscount C-500 Wireless Bike Computer              NULL                                                                                                 49.00                 30             1
8             Kryptonite Advanced 2000 U-Lock                    NULL                                                                                                 50.00                 20             1
9             Nikoma Lok-Tight U-Lock                            NULL                                                                                                 33.00                 12             1
10            Viscount Microshell Helmet                         NULL                                                                                                 36.00                 20             1
11            GT RTS-2 Mountain Bike                             NULL                                                                                                 1650.00               5              2
12            Shinoman 105 SC Brakes                             NULL                                                                                                 23.50                 16             4
13            Shinoman Dura-Ace Headset                          NULL                                                                                                 67.50                 20             4
14            Eagle SA-120 Clipless Pedals                       NULL                                                                                                 139.95                20             4
15            ProFormance Toe-Klips 2G                           NULL                                                                                                 4.99                  40             4
16            ProFormance ATB All-Terrain Pedal                  NULL                                                                                                 28.00                 40             4
17            Shinoman Deluxe TX-30 Pedal                        NULL                                                                                                 45.00                 60             4
18            Viscount CardioSport Sport Watch                   NULL                                                                                                 179.00                12             1
19            Viscount Tru-Beat Heart Transmitter                NULL                                                                                                 47.00                 20             1
20            Dog Ear Monster Grip Gloves                        NULL                                                                                                 15.00                 30             1
21            Dog Ear Aero-Flow Floor Pump                       NULL                                                                                                 55.00                 25             1
22            Pro-Sport 'Dillo Shades                            NULL                                                                                                 82.00                 18             1
23            Ultra-Pro Rain Jacket                              NULL                                                                                                 85.00                 30             3
24            StaDry Cycling Pants                               NULL                                                                                                 69.00                 22             3
25            King Cobra Helmet                                  NULL                                                                                                 139.00                30             1
26            Glide-O-Matic Cycling Helmet                       NULL                                                                                                 125.00                24             1
27            X-Pro All Weather Tires                            NULL                                                                                                 24.00                 20             6
28            Turbo Twin Tires                                   NULL                                                                                                 29.00                 18             6
29            Ultra-2K Competition Tire                          NULL                                                                                                 34.00                 22             6
30            Clear Shade 85-T Glasses                           NULL                                                                                                 45.00                 14             1
31            True Grip Competition Gloves                       NULL                                                                                                 22.00                 20             1
32            Kool-Breeze Rocket Top Jersey                      NULL                                                                                                 32.00                 12             3
33            Wonder Wool Cycle Socks                            NULL                                                                                                 19.00                 30             3
34            TransPort Bicycle Rack                             NULL                                                                                                 27.00                 14             1
35            HP Deluxe Panniers                                 NULL                                                                                                 39.00                 10             1
36            Cosmic Elite Road Warrior Wheels                   NULL                                                                                                 165.00                22             4
37            AeroFlo ATB Wheels                                 NULL                                                                                                 189.00                40             4
38            Cycle-Doc Pro Repair Stand                         NULL                                                                                                 166.00                12             1
39            Road Warrior Hitch Pack                            NULL                                                                                                 175.00                6              5
40            Ultimate Export 2G Car Rack                        NULL                                                                                                 180.00                8              5
41            NULL                                               NULL                                                                                                 0.00                  0              8
42            Gecko Food                                         Thats a lot of worms!                                                                                3.99                  12             8
43            Turtle Pellets                                     So many pellets... So many turtles...                                                                10.99                 85             8

(43 rows affected)


Completion time: 2019-11-24T21:06:45.9611671-05:00
